# JRE version: Java(TM) SE Runtime Environment (8.0_77-b03) (build 1.8.0_77-b03)
# Java VM: Java HotSpot(TM) 64-Bit Server VM (25.77-b03 mixed mode windows-amd64 compressed oops)
Heap:
 PSYoungGen      total 433152K, used 355402K [0x00000000d5a00000, 0x00000000f8300000, 0x0000000100000000)
  eden space 428032K, 81% used [0x00000000d5a00000,0x00000000eb0902a0,0x00000000efc00000)
  from space 5120K, 90% used [0x00000000f3780000,0x00000000f3c02850,0x00000000f3c80000)
  to   space 39424K, 0% used [0x00000000f5c80000,0x00000000f5c80000,0x00000000f8300000)
 ParOldGen       total 153600K, used 44133K [0x0000000080e00000, 0x000000008a400000, 0x00000000d5a00000)
  object space 153600K, 28% used [0x0000000080e00000,0x00000000839194a0,0x000000008a400000)
 Metaspace       used 45372K, capacity 46170K, committed 46384K, reserved 1089536K
  class space    used 5162K, capacity 5411K, committed 5424K, reserved 1048576K
GC Heap History (10 events):
Event: 258.104 GC heap before
{Heap before GC invocations=14 (full 3):
 PSYoungGen      total 424448K, used 411672K [0x00000000d5a00000, 0x00000000f3a00000, 0x0000000100000000)
  eden space 403456K, 100% used [0x00000000d5a00000,0x00000000ee400000,0x00000000ee400000)
  from space 20992K, 39% used [0x00000000f2580000,0x00000000f2d861a8,0x00000000f3a00000)
  to   space 44032K, 0% used [0x00000000ee400000,0x00000000ee400000,0x00000000f0f00000)
 ParOldGen       total 153600K, used 44093K [0x0000000080e00000, 0x000000008a400000, 0x00000000d5a00000)
  object space 153600K, 28% used [0x0000000080e00000,0x000000008390f4a0,0x000000008a400000)
 Metaspace       used 45254K, capacity 46058K, committed 46128K, reserved 1089536K
  class space    used 5152K, capacity 5403K, committed 5424K, reserved 1048576K
Event: 258.146 GC heap after
Heap after GC invocations=14 (full 3):
 PSYoungGen      total 447488K, used 4298K [0x00000000d5a00000, 0x00000000f8400000, 0x0000000100000000)
  eden space 403456K, 0% used [0x00000000d5a00000,0x00000000d5a00000,0x00000000ee400000)
  from space 44032K, 9% used [0x00000000ee400000,0x00000000ee832840,0x00000000f0f00000)
  to   space 43520K, 0% used [0x00000000f5980000,0x00000000f5980000,0x00000000f8400000)
 ParOldGen       total 153600K, used 44101K [0x0000000080e00000, 0x000000008a400000, 0x00000000d5a00000)
  object space 153600K, 28% used [0x0000000080e00000,0x00000000839114a0,0x000000008a400000)
 Metaspace       used 45254K, capacity 46058K, committed 46128K, reserved 1089536K
  class space    used 5152K, capacity 5403K, committed 5424K, reserved 1048576K
}
Event: 420.273 GC heap before
{Heap before GC invocations=15 (full 3):
 PSYoungGen      total 447488K, used 407754K [0x00000000d5a00000, 0x00000000f8400000, 0x0000000100000000)
  eden space 403456K, 100% used [0x00000000d5a00000,0x00000000ee400000,0x00000000ee400000)
  from space 44032K, 9% used [0x00000000ee400000,0x00000000ee832840,0x00000000f0f00000)
  to   space 43520K, 0% used [0x00000000f5980000,0x00000000f5980000,0x00000000f8400000)
 ParOldGen       total 153600K, used 44101K [0x0000000080e00000, 0x000000008a400000, 0x00000000d5a00000)
  object space 153600K, 28% used [0x0000000080e00000,0x00000000839114a0,0x000000008a400000)
 Metaspace       used 45278K, capacity 46094K, committed 46128K, reserved 1089536K
  class space    used 5156K, capacity 5409K, committed 5424K, reserved 1048576K
Event: 420.278 GC heap after
Heap after GC invocations=15 (full 3):
 PSYoungGen      total 494080K, used 4387K [0x00000000d5a00000, 0x00000000f7500000, 0x0000000100000000)
  eden space 465920K, 0% used [0x00000000d5a00000,0x00000000d5a00000,0x00000000f2100000)
  from space 28160K, 15% used [0x00000000f5980000,0x00000000f5dc8f88,0x00000000f7500000)
  to   space 43008K, 0% used [0x00000000f2100000,0x00000000f2100000,0x00000000f4b00000)
 ParOldGen       total 153600K, used 44109K [0x0000000080e00000, 0x000000008a400000, 0x00000000d5a00000)
  object space 153600K, 28% used [0x0000000080e00000,0x00000000839134a0,0x000000008a400000)
 Metaspace       used 45278K, capacity 46094K, committed 46128K, reserved 1089536K
  class space    used 5156K, capacity 5409K, committed 5424K, reserved 1048576K
}
Event: 606.250 GC heap before
{Heap before GC invocations=16 (full 3):
 PSYoungGen      total 494080K, used 470307K [0x00000000d5a00000, 0x00000000f7500000, 0x0000000100000000)
  eden space 465920K, 100% used [0x00000000d5a00000,0x00000000f2100000,0x00000000f2100000)
  from space 28160K, 15% used [0x00000000f5980000,0x00000000f5dc8f88,0x00000000f7500000)
  to   space 43008K, 0% used [0x00000000f2100000,0x00000000f2100000,0x00000000f4b00000)
 ParOldGen       total 153600K, used 44109K [0x0000000080e00000, 0x000000008a400000, 0x00000000d5a00000)
  object space 153600K, 28% used [0x0000000080e00000,0x00000000839134a0,0x000000008a400000)
 Metaspace       used 45291K, capacity 46094K, committed 46128K, reserved 1089536K
  class space    used 5156K, capacity 5409K, committed 5424K, reserved 1048576K
Event: 606.257 GC heap after
Heap after GC invocations=16 (full 3):
 PSYoungGen      total 508928K, used 4675K [0x00000000d5a00000, 0x00000000fab80000, 0x0000000100000000)
  eden space 465920K, 0% used [0x00000000d5a00000,0x00000000d5a00000,0x00000000f2100000)
  from space 43008K, 10% used [0x00000000f2100000,0x00000000f2590fa8,0x00000000f4b00000)
  to   space 41984K, 0% used [0x00000000f8280000,0x00000000f8280000,0x00000000fab80000)
 ParOldGen       total 153600K, used 44117K [0x0000000080e00000, 0x000000008a400000, 0x00000000d5a00000)
  object space 153600K, 28% used [0x0000000080e00000,0x00000000839154a0,0x000000008a400000)
 Metaspace       used 45291K, capacity 46094K, committed 46128K, reserved 1089536K
  class space    used 5156K, capacity 5409K, committed 5424K, reserved 1048576K
}
Event: 800.284 GC heap before
{Heap before GC invocations=17 (full 3):
 PSYoungGen      total 508928K, used 470595K [0x00000000d5a00000, 0x00000000fab80000, 0x0000000100000000)
  eden space 465920K, 100% used [0x00000000d5a00000,0x00000000f2100000,0x00000000f2100000)
  from space 43008K, 10% used [0x00000000f2100000,0x00000000f2590fa8,0x00000000f4b00000)
  to   space 41984K, 0% used [0x00000000f8280000,0x00000000f8280000,0x00000000fab80000)
 ParOldGen       total 153600K, used 44117K [0x0000000080e00000, 0x000000008a400000, 0x00000000d5a00000)
  object space 153600K, 28% used [0x0000000080e00000,0x00000000839154a0,0x000000008a400000)
 Metaspace       used 45321K, capacity 46106K, committed 46128K, reserved 1089536K
  class space    used 5158K, capacity 5411K, committed 5424K, reserved 1048576K
Event: 800.294 GC heap after
Heap after GC invocations=17 (full 3):
 PSYoungGen      total 451584K, used 4835K [0x00000000d5a00000, 0x00000000f8780000, 0x0000000100000000)
  eden space 446464K, 0% used [0x00000000d5a00000,0x00000000d5a00000,0x00000000f0e00000)
  from space 5120K, 94% used [0x00000000f8280000,0x00000000f8738fe8,0x00000000f8780000)
  to   space 40960K, 0% used [0x00000000f3780000,0x00000000f3780000,0x00000000f5f80000)
 ParOldGen       total 153600K, used 44125K [0x0000000080e00000, 0x000000008a400000, 0x00000000d5a00000)
  object space 153600K, 28% used [0x0000000080e00000,0x00000000839174a0,0x000000008a400000)
 Metaspace       used 45321K, capacity 46106K, committed 46128K, reserved 1089536K
  class space    used 5158K, capacity 5411K, committed 5424K, reserved 1048576K
}
Event: 981.491 GC heap before
{Heap before GC invocations=18 (full 3):
 PSYoungGen      total 451584K, used 451299K [0x00000000d5a00000, 0x00000000f8780000, 0x0000000100000000)
  eden space 446464K, 100% used [0x00000000d5a00000,0x00000000f0e00000,0x00000000f0e00000)
  from space 5120K, 94% used [0x00000000f8280000,0x00000000f8738fe8,0x00000000f8780000)
  to   space 40960K, 0% used [0x00000000f3780000,0x00000000f3780000,0x00000000f5f80000)
 ParOldGen       total 153600K, used 44125K [0x0000000080e00000, 0x000000008a400000, 0x00000000d5a00000)
  object space 153600K, 28% used [0x0000000080e00000,0x00000000839174a0,0x000000008a400000)
 Metaspace       used 45330K, capacity 46106K, committed 46128K, reserved 1089536K
  class space    used 5158K, capacity 5411K, committed 5424K, reserved 1048576K
Event: 981.504 GC heap after
Heap after GC invocations=18 (full 3):
 PSYoungGen      total 433152K, used 4618K [0x00000000d5a00000, 0x00000000f8300000, 0x0000000100000000)
  eden space 428032K, 0% used [0x00000000d5a00000,0x00000000d5a00000,0x00000000efc00000)
  from space 5120K, 90% used [0x00000000f3780000,0x00000000f3c02850,0x00000000f3c80000)
  to   space 39424K, 0% used [0x00000000f5c80000,0x00000000f5c80000,0x00000000f8300000)
 ParOldGen       total 153600K, used 44133K [0x0000000080e00000, 0x000000008a400000, 0x00000000d5a00000)
  object space 153600K, 28% used [0x0000000080e00000,0x00000000839194a0,0x000000008a400000)
 Metaspace       used 45330K, capacity 46106K, committed 46128K, reserved 1089536K
  class space    used 5158K, capacity 5411K, committed 5424K, reserved 1048576K
}

